#
# A fatal error has been detected by the Java Runtime Environment:
#
#  Internal Error (javaCalls.cpp:51), pid=45955, tid=0x0000000000002d03
#  guarantee(thread->is_Java_thread()) failed: crucial check - the VM thread cannot and must not escape to Java code
#
# JRE version: Java(TM) SE Runtime Environment (8.0_181-b13) (build 1.8.0_181-b13)
# Java VM: Java HotSpot(TM) 64-Bit Server VM (25.181-b13 mixed mode bsd-amd64 compressed oops)
# Failed to write core dump. Core dumps have been disabled. To enable core dumping, try "ulimit -c unlimited" before starting Java again
#
# If you would like to submit a bug report, please visit:
#   http://bugreport.java.com/bugreport/crash.jsp
#

---------------  T H R E A D  ---------------

Current thread (0x00007fbad501c800):  VMThread [stack: 0x000070000ae6c000,0x000070000af6c000] [id=11523]

Stack: [0x000070000ae6c000,0x000070000af6c000],  sp=0x000070000af6aa80,  free space=1018k
Native frames: (J=compiled Java code, j=interpreted, Vv=VM code, C=native code)
V  [libjvm.dylib+0x5b581a]  VMError::report_and_die()+0x3f8
V  [libjvm.dylib+0x1e9185]  report_vm_error(char const*, int, char const*, char const*)+0x54
V  [libjvm.dylib+0x2ef35c]  JavaCallWrapper::JavaCallWrapper(methodHandle, Handle, JavaValue*, Thread*)+0x64
V  [libjvm.dylib+0x2efc14]  JavaCalls::call_helper(JavaValue*, methodHandle*, JavaCallArguments*, Thread*)+0x608
V  [libjvm.dylib+0x2f0147]  JavaCalls::call_special(JavaValue*, KlassHandle, Symbol*, Symbol*, JavaCallArguments*, Thread*)+0x111
V  [libjvm.dylib+0x243b41]  Exceptions::new_exception(Thread*, Symbol*, Symbol*, JavaCallArguments*, Handle, Handle)+0xc7
V  [libjvm.dylib+0x243c3c]  Exceptions::new_exception(Thread*, Symbol*, Symbol*, JavaCallArguments*, Handle, Handle, Handle)+0x28
V  [libjvm.dylib+0x243e9b]  Exceptions::new_exception(Thread*, Symbol*, char const*, Handle, Handle, Handle, Exceptions::ExceptionMsgToUtf8Mode)+0x169
V  [libjvm.dylib+0x243eb6]  Exceptions::new_exception(Thread*, Symbol*, char const*, Exceptions::ExceptionMsgToUtf8Mode)+0x18
V  [libjvm.dylib+0x287b87]  GenerateOopMap::verify_error(char const*, ...)+0xed
V  [libjvm.dylib+0x28801b]  GenerateOopMap::get_var(int)+0x1d
V  [libjvm.dylib+0x28890d]  GenerateOopMap::ppload(CellTypeState*, int)+0x29
V  [libjvm.dylib+0x28a7ec]  GenerateOopMap::interp_bb(BasicBlock*)+0x104
V  [libjvm.dylib+0x28aa3b]  GenerateOopMap::interp_all()+0x31
V  [libjvm.dylib+0x28afd2]  GenerateOopMap::do_interpretation()+0x44
V  [libjvm.dylib+0x28b3eb]  GenerateOopMap::compute_map(Thread*)+0x1fb
V  [libjvm.dylib+0x485331]  OopMapForCacheEntry::compute_map(Thread*)+0x8f
V  [libjvm.dylib+0x48553a]  OopMapCacheEntry::fill(methodHandle, int)+0x19e
V  [libjvm.dylib+0x48571b]  OopMapCache::compute_one_oop_map(methodHandle, int, InterpreterOopMap*)+0x16b
V  [libjvm.dylib+0x4859d2]  OopMapCache::lookup(methodHandle, int, InterpreterOopMap*) const+0x25c
V  [libjvm.dylib+0x2c2b04]  InstanceKlass::mask_for(methodHandle, int, InterpreterOopMap*)+0xd2
V  [libjvm.dylib+0x45306d]  Method::mask_for(int, InterpreterOopMap*)+0xb3
V  [libjvm.dylib+0x39afbf]  VM_GetOrSetLocal::doit()+0x47
V  [libjvm.dylib+0x5bd499]  VM_Operation::evaluate()+0x4f
V  [libjvm.dylib+0x5bba31]  VMThread::evaluate_operation(VM_Operation*)+0xdf
V  [libjvm.dylib+0x5bbe7e]  VMThread::loop()+0x328
V  [libjvm.dylib+0x5bb79d]  VMThread::run()+0x79
V  [libjvm.dylib+0x48e342]  java_start(Thread*)+0xf6
C  [libsystem_pthread.dylib+0x3661]  _pthread_body+0x154
C  [libsystem_pthread.dylib+0x350d]  _pthread_body+0x0
C  [libsystem_pthread.dylib+0x2bf9]  thread_start+0xd

VM_Operation (0x000070000b377938): GetOrSetLocal, mode: safepoint, requested by thread 0x00007fbad4030000


---------------  P R O C E S S  ---------------

Java Threads: ( => current thread )
  0x00007fbad5862000 JavaThread "Service Thread" daemon [_thread_blocked, id=15619, stack(0x000070000b88a000,0x000070000b98a000)]
  0x00007fbad5861800 JavaThread "C1 CompilerThread2" daemon [_thread_blocked, id=15107, stack(0x000070000b787000,0x000070000b887000)]
  0x00007fbad5860800 JavaThread "C2 CompilerThread1" daemon [_thread_blocked, id=14595, stack(0x000070000b684000,0x000070000b784000)]
  0x00007fbad4020800 JavaThread "C2 CompilerThread0" daemon [_thread_blocked, id=17923, stack(0x000070000b581000,0x000070000b681000)]
  0x00007fbad4031800 JavaThread "JDWP Command Reader" daemon [_thread_in_native, id=18435, stack(0x000070000b47e000,0x000070000b57e000)]
  0x00007fbad4031000 JavaThread "JDWP Event Helper Thread" daemon [_thread_blocked, id=14083, stack(0x000070000b37b000,0x000070000b47b000)]
  0x00007fbad4030000 JavaThread "JDWP Transport Listener: dt_socket" daemon [_thread_blocked, id=18951, stack(0x000070000b278000,0x000070000b378000)]
  0x00007fbad402e000 JavaThread "Signal Dispatcher" daemon [_thread_blocked, id=19467, stack(0x000070000b175000,0x000070000b275000)]
  0x00007fbad401f800 JavaThread "Finalizer" daemon [_thread_blocked, id=20739, stack(0x000070000b072000,0x000070000b172000)]
  0x00007fbad4814800 JavaThread "Reference Handler" daemon [_thread_blocked, id=21251, stack(0x000070000af6f000,0x000070000b06f000)]
  0x00007fbad4802800 JavaThread "main" [_thread_blocked, id=5891, stack(0x000070000a95d000,0x000070000aa5d000)]

Other Threads:
=>0x00007fbad501c800 VMThread [stack: 0x000070000ae6c000,0x000070000af6c000] [id=11523]
  0x00007fbad503e000 WatcherThread [stack: 0x000070000b98d000,0x000070000ba8d000] [id=15875]

VM state:at safepoint (normal execution)

VM Mutex/Monitor currently owned by a thread:  ([mutex/lock_event])
[0x00007fbad3c04660] Threads_lock - owner thread: 0x00007fbad501c800

Heap:
 PSYoungGen      total 38400K, used 9332K [0x0000000795580000, 0x0000000798000000, 0x00000007c0000000)
  eden space 33280K, 28% used [0x0000000795580000,0x0000000795e9d0b0,0x0000000797600000)
  from space 5120K, 0% used [0x0000000797b00000,0x0000000797b00000,0x0000000798000000)
  to   space 5120K, 0% used [0x0000000797600000,0x0000000797600000,0x0000000797b00000)
 ParOldGen       total 87552K, used 0K [0x0000000740000000, 0x0000000745580000, 0x0000000795580000)
  object space 87552K, 0% used [0x0000000740000000,0x0000000740000000,0x0000000745580000)
 Metaspace       used 4939K, capacity 5222K, committed 5504K, reserved 1056768K
  class space    used 569K, capacity 593K, committed 640K, reserved 1048576K

Card table byte_map: [0x0000000103b74000,0x0000000103f75000] byte_map_base: 0x0000000100174000

Marking Bits: (ParMarkBitMap*) 0x00000001030f9cd0
 Begin Bits: [0x0000000115ba3000, 0x0000000117ba3000)
 End Bits:   [0x0000000117ba3000, 0x0000000119ba3000)

Polling page: 0x0000000101e80000

CodeCache: size=245760Kb used=1858Kb max_used=1876Kb free=243901Kb
 bounds [0x0000000106ba3000, 0x0000000106e13000, 0x0000000115ba3000]
 total_blobs=518 nmethods=261 adapters=179
 compilation: enabled

Compilation events (10 events):
Event: 0.411 Thread 0x00007fbad5861800  258       3       java.lang.ref.FinalReference::<init> (7 bytes)
Event: 0.411 Thread 0x00007fbad5861800 nmethod 258 0x0000000106d64110 code [0x0000000106d64280, 0x0000000106d64530]
Event: 0.411 Thread 0x00007fbad5861800  259   !   3       java.lang.ref.Finalizer::add (41 bytes)
Event: 0.411 Thread 0x00007fbad5861800 nmethod 259 0x0000000106d64650 code [0x0000000106d647c0, 0x0000000106d64b90]
Event: 0.411 Thread 0x00007fbad5861800  255   !   3       sun.misc.URLClassPath$FileLoader::getResource (164 bytes)
Event: 0.413 Thread 0x00007fbad5861800 nmethod 255 0x0000000106d64cd0 code [0x0000000106d65060, 0x0000000106d66d98]
Event: 0.413 Thread 0x00007fbad5861800  261   !   3       sun.misc.URLClassPath$JarLoader::getResource (353 bytes)
Event: 0.416 Thread 0x00007fbad5861800 nmethod 261 0x0000000106d67fd0 code [0x0000000106d68420, 0x0000000106d6a518]
Event: 0.428 Thread 0x00007fbad5860800 nmethod 233 0x0000000106d70d90 code [0x0000000106d710a0, 0x0000000106d72d60]
Event: 0.431 Thread 0x00007fbad4020800 nmethod 248 0x0000000106d74cd0 code [0x0000000106d74fe0, 0x0000000106d76898]

GC Heap History (0 events):
No events

Deoptimization events (0 events):
No events

Classes redefined (2 events):
Event: 24.528 Thread 0x00007fbad501c800 redefined class name=NikitaAndTheGame, count=1
Event: 47.646 Thread 0x00007fbad501c800 redefined class name=NikitaAndTheGame, count=2

Internal exceptions (7 events):
Event: 0.040 Thread 0x00007fbad4802800 Exception <a 'java/lang/NoSuchMethodError': Method sun.misc.Unsafe.defineClass(Ljava/lang/String;[BII)Ljava/lang/Class; name or signature does not match> (0x0000000795587cb0) thrown at [/Users/java_re/workspace/8-2-build-macosx-x86_64/jdk8u181/11358/hotsp
Event: 0.040 Thread 0x00007fbad4802800 Exception <a 'java/lang/NoSuchMethodError': Method sun.misc.Unsafe.prefetchRead(Ljava/lang/Object;J)V name or signature does not match> (0x0000000795587f98) thrown at [/Users/java_re/workspace/8-2-build-macosx-x86_64/jdk8u181/11358/hotspot/src/share/vm/pr
Event: 0.222 Thread 0x00007fbad4802800 Exception <a 'java/io/FileNotFoundException'> (0x000000079589f5a8) thrown at [/Users/java_re/workspace/8-2-build-macosx-x86_64/jdk8u181/11358/hotspot/src/share/vm/prims/jni.cpp, line 709]
Event: 0.236 Thread 0x00007fbad4802800 Exception <a 'java/security/PrivilegedActionException'> (0x0000000795997cd0) thrown at [/Users/java_re/workspace/8-2-build-macosx-x86_64/jdk8u181/11358/hotspot/src/share/vm/prims/jvm.cpp, line 1435]
Event: 0.236 Thread 0x00007fbad4802800 Exception <a 'java/security/PrivilegedActionException'> (0x0000000795997ee0) thrown at [/Users/java_re/workspace/8-2-build-macosx-x86_64/jdk8u181/11358/hotspot/src/share/vm/prims/jvm.cpp, line 1435]
Event: 0.236 Thread 0x00007fbad4802800 Exception <a 'java/security/PrivilegedActionException'> (0x000000079599b210) thrown at [/Users/java_re/workspace/8-2-build-macosx-x86_64/jdk8u181/11358/hotspot/src/share/vm/prims/jvm.cpp, line 1435]
Event: 0.236 Thread 0x00007fbad4802800 Exception <a 'java/security/PrivilegedActionException'> (0x000000079599b420) thrown at [/Users/java_re/workspace/8-2-build-macosx-x86_64/jdk8u181/11358/hotspot/src/share/vm/prims/jvm.cpp, line 1435]

Events (10 events):
Event: 47.707 Executing VM operation: GetOrSetLocal done
Event: 47.711 Executing VM operation: GetOrSetLocal
Event: 47.711 Executing VM operation: GetOrSetLocal done
Event: 47.713 Executing VM operation: GetOrSetLocal
Event: 47.713 Executing VM operation: GetOrSetLocal done
Event: 47.714 Executing VM operation: GetOrSetLocal
Event: 47.714 Executing VM operation: GetOrSetLocal done
Event: 47.719 Executing VM operation: GetOrSetLocal
Event: 47.719 Executing VM operation: GetOrSetLocal done
Event: 47.720 Executing VM operation: GetOrSetLocal


Dynamic libraries:
0x00007fff37da1000 	/System/Library/Frameworks/Cocoa.framework/Versions/A/Cocoa
0x00007fff443bb000 	/System/Library/Frameworks/Security.framework/Versions/A/Security
0x00007fff369e3000 	/System/Library/Frameworks/ApplicationServices.framework/Versions/A/ApplicationServices
0x00007fff60213000 	/usr/lib/libz.1.dylib
0x00007fff5e144000 	/usr/lib/libSystem.B.dylib
0x00007fff5f7fd000 	/usr/lib/libobjc.A.dylib
0x00007fff38554000 	/System/Library/Frameworks/CoreFoundation.framework/Versions/A/CoreFoundation
0x00007fff3a6b5000 	/System/Library/Frameworks/Foundation.framework/Versions/C/Foundation
0x00007fff35b33000 	/System/Library/Frameworks/AppKit.framework/Versions/C/AppKit
0x00007fff38119000 	/System/Library/Frameworks/CoreData.framework/Versions/A/CoreData
0x00007fff57a84000 	/System/Library/PrivateFrameworks/RemoteViewServices.framework/Versions/A/RemoteViewServices
0x00007fff5c1e9000 	/System/Library/PrivateFrameworks/UIFoundation.framework/Versions/A/UIFoundation
0x00007fff4c883000 	/System/Library/PrivateFrameworks/DFRFoundation.framework/Versions/A/DFRFoundation
0x00007fff3cd21000 	/System/Library/Frameworks/Metal.framework/Versions/A/Metal
0x00007fff4ca20000 	/System/Library/PrivateFrameworks/DesktopServicesPriv.framework/Versions/A/DesktopServicesPriv
0x00007fff5ed4a000 	/usr/lib/libenergytrace.dylib
0x00007fff5a254000 	/System/Library/PrivateFrameworks/SkyLight.framework/Versions/A/SkyLight
0x00007fff389f7000 	/System/Library/Frameworks/CoreGraphics.framework/Versions/A/CoreGraphics
0x00007fff5e13f000 	/usr/lib/libScreenReader.dylib
0x00007fff34acd000 	/System/Library/Frameworks/Accelerate.framework/Versions/A/Accelerate
0x00007fff3ae2f000 	/System/Library/Frameworks/IOSurface.framework/Versions/A/IOSurface
0x00007fff36f2d000 	/System/Library/Frameworks/AudioToolbox.framework/Versions/A/AudioToolbox
0x00007fff371bd000 	/System/Library/Frameworks/AudioUnit.framework/Versions/A/AudioUnit
0x00007fff4c91b000 	/System/Library/PrivateFrameworks/DataDetectorsCore.framework/Versions/A/DataDetectorsCore
0x00007fff37894000 	/System/Library/Frameworks/Carbon.framework/Versions/A/Frameworks/HIToolbox.framework/Versions/A/HIToolbox
0x00007fff5eea4000 	/usr/lib/libicucore.A.dylib
0x00007fff43939000 	/System/Library/Frameworks/QuartzCore.framework/Versions/A/QuartzCore
0x00007fff5950b000 	/System/Library/PrivateFrameworks/SignpostNotification.framework/Versions/A/SignpostNotification
0x00007fff37c7a000 	/System/Library/Frameworks/Carbon.framework/Versions/A/Frameworks/SpeechRecognition.framework/Versions/A/SpeechRecognition
0x00007fff5e2a0000 	/usr/lib/libauto.dylib
0x00007fff60102000 	/usr/lib/libxml2.2.dylib
0x00007fff4c4d4000 	/System/Library/PrivateFrameworks/CoreUI.framework/Versions/A/CoreUI
0x00007fff37ff5000 	/System/Library/Frameworks/CoreAudio.framework/Versions/A/CoreAudio
0x00007fff3a4ef000 	/System/Library/Frameworks/DiskArbitration.framework/Versions/A/DiskArbitration
0x00007fff5f118000 	/usr/lib/liblangid.dylib
0x00007fff53f8e000 	/System/Library/PrivateFrameworks/MultitouchSupport.framework/Versions/A/MultitouchSupport
0x00007fff3ad92000 	/System/Library/Frameworks/IOKit.framework/Versions/A/IOKit
0x00007fff5ddce000 	/usr/lib/libDiagnosticMessagesClient.dylib
0x00007fff396cd000 	/System/Library/Frameworks/CoreServices.framework/Versions/A/CoreServices
0x00007fff55ac0000 	/System/Library/PrivateFrameworks/PerformanceAnalysis.framework/Versions/A/PerformanceAnalysis
0x00007fff42adb000 	/System/Library/Frameworks/OpenGL.framework/Versions/A/OpenGL
0x00007fff37daf000 	/System/Library/Frameworks/ColorSync.framework/Versions/A/ColorSync
0x00007fff39009000 	/System/Library/Frameworks/CoreImage.framework/Versions/A/CoreImage
0x00007fff3a05d000 	/System/Library/Frameworks/CoreText.framework/Versions/A/CoreText
0x00007fff3ae8d000 	/System/Library/Frameworks/ImageIO.framework/Versions/A/ImageIO
0x00007fff491cb000 	/System/Library/PrivateFrameworks/Backup.framework/Versions/A/Backup
0x00007fff5e1f0000 	/usr/lib/libarchive.2.dylib
0x00007fff374e0000 	/System/Library/Frameworks/CFNetwork.framework/Versions/A/CFNetwork
0x00007fff44b4e000 	/System/Library/Frameworks/SystemConfiguration.framework/Versions/A/SystemConfiguration
0x00007fff5dcf7000 	/usr/lib/libCRFSuite.dylib
0x00007fff5e379000 	/usr/lib/libc++.1.dylib
0x00007fff5e3d0000 	/usr/lib/libc++abi.dylib
0x00007fff602c1000 	/usr/lib/system/libcache.dylib
0x00007fff602c6000 	/usr/lib/system/libcommonCrypto.dylib
0x00007fff602d1000 	/usr/lib/system/libcompiler_rt.dylib
0x00007fff602d9000 	/usr/lib/system/libcopyfile.dylib
0x00007fff602e3000 	/usr/lib/system/libcorecrypto.dylib
0x00007fff603f0000 	/usr/lib/system/libdispatch.dylib
0x00007fff6042a000 	/usr/lib/system/libdyld.dylib
0x00007fff60448000 	/usr/lib/system/libkeymgr.dylib
0x00007fff60456000 	/usr/lib/system/liblaunch.dylib
0x00007fff60457000 	/usr/lib/system/libmacho.dylib
0x00007fff6045c000 	/usr/lib/system/libquarantine.dylib
0x00007fff6045f000 	/usr/lib/system/libremovefile.dylib
0x00007fff60461000 	/usr/lib/system/libsystem_asl.dylib
0x00007fff60479000 	/usr/lib/system/libsystem_blocks.dylib
0x00007fff6047a000 	/usr/lib/system/libsystem_c.dylib
0x00007fff60504000 	/usr/lib/system/libsystem_configuration.dylib
0x00007fff60508000 	/usr/lib/system/libsystem_coreservices.dylib
0x00007fff6050c000 	/usr/lib/system/libsystem_darwin.dylib
0x00007fff6050e000 	/usr/lib/system/libsystem_dnssd.dylib
0x00007fff60515000 	/usr/lib/system/libsystem_info.dylib
0x00007fff60586000 	/usr/lib/system/libsystem_m.dylib
0x00007fff605d2000 	/usr/lib/system/libsystem_malloc.dylib
0x00007fff605f2000 	/usr/lib/system/libsystem_network.dylib
0x00007fff60723000 	/usr/lib/system/libsystem_networkextension.dylib
0x00007fff6072e000 	/usr/lib/system/libsystem_notify.dylib
0x00007fff6074c000 	/usr/lib/system/libsystem_sandbox.dylib
0x00007fff60750000 	/usr/lib/system/libsystem_secinit.dylib
0x00007fff6055f000 	/usr/lib/system/libsystem_kernel.dylib
0x00007fff60738000 	/usr/lib/system/libsystem_platform.dylib
0x00007fff60740000 	/usr/lib/system/libsystem_pthread.dylib
0x00007fff60752000 	/usr/lib/system/libsystem_symptoms.dylib
0x00007fff6075a000 	/usr/lib/system/libsystem_trace.dylib
0x00007fff6076f000 	/usr/lib/system/libunwind.dylib
0x00007fff60775000 	/usr/lib/system/libxpc.dylib
0x00007fff5dc0a000 	/usr/lib/closure/libclosured.dylib
0x00007fff5e35a000 	/usr/lib/libbsm.0.dylib
0x00007fff60449000 	/usr/lib/system/libkxld.dylib
0x00007fff5e008000 	/usr/lib/libOpenScriptingUtil.dylib
0x00007fff5e6c9000 	/usr/lib/libcoretls.dylib
0x00007fff5e6e2000 	/usr/lib/libcoretls_cfhelpers.dylib
0x00007fff5fbfe000 	/usr/lib/libpam.2.dylib
0x00007fff5fd25000 	/usr/lib/libsqlite3.dylib
0x00007fff600f1000 	/usr/lib/libxar.1.dylib
0x00007fff5e36b000 	/usr/lib/libbz2.1.0.dylib
0x00007fff5f11a000 	/usr/lib/liblzma.5.dylib
0x00007fff5f5fb000 	/usr/lib/libnetwork.dylib
0x00007fff5e1d9000 	/usr/lib/libapple_nghttp2.dylib
0x00007fff5fc05000 	/usr/lib/libpcap.A.dylib
0x00007fff5e2a1000 	/usr/lib/libboringssl.dylib
0x00007fff6008c000 	/usr/lib/libusrtcp.dylib
0x00007fff5e1d8000 	/usr/lib/libapple_crypto.dylib
0x00007fff39a50000 	/System/Library/Frameworks/CoreServices.framework/Versions/A/Frameworks/FSEvents.framework/Versions/A/FSEvents
0x00007fff39743000 	/System/Library/Frameworks/CoreServices.framework/Versions/A/Frameworks/CarbonCore.framework/Versions/A/CarbonCore
0x00007fff39c17000 	/System/Library/Frameworks/CoreServices.framework/Versions/A/Frameworks/Metadata.framework/Versions/A/Metadata
0x00007fff39cc8000 	/System/Library/Frameworks/CoreServices.framework/Versions/A/Frameworks/OSServices.framework/Versions/A/OSServices
0x00007fff39d29000 	/System/Library/Frameworks/CoreServices.framework/Versions/A/Frameworks/SearchKit.framework/Versions/A/SearchKit
0x00007fff396ce000 	/System/Library/Frameworks/CoreServices.framework/Versions/A/Frameworks/AE.framework/Versions/A/AE
0x00007fff39a59000 	/System/Library/Frameworks/CoreServices.framework/Versions/A/Frameworks/LaunchServices.framework/Versions/A/LaunchServices
0x00007fff39a1b000 	/System/Library/Frameworks/CoreServices.framework/Versions/A/Frameworks/DictionaryServices.framework/Versions/A/DictionaryServices
0x00007fff39d98000 	/System/Library/Frameworks/CoreServices.framework/Versions/A/Frameworks/SharedFileList.framework/Versions/A/SharedFileList
0x00007fff3df57000 	/System/Library/Frameworks/NetFS.framework/Versions/A/NetFS
0x00007fff5421f000 	/System/Library/PrivateFrameworks/NetAuth.framework/Versions/A/NetAuth
0x00007fff5daa1000 	/System/Library/PrivateFrameworks/login.framework/Versions/A/Frameworks/loginsupport.framework/Versions/A/loginsupport
0x00007fff5be66000 	/System/Library/PrivateFrameworks/TCC.framework/Versions/A/TCC
0x00007fff5f1fb000 	/usr/lib/libmecabra.dylib
0x00007fff369e4000 	/System/Library/Frameworks/ApplicationServices.framework/Versions/A/Frameworks/ATS.framework/Versions/A/ATS
0x00007fff36d92000 	/System/Library/Frameworks/ApplicationServices.framework/Versions/A/Frameworks/ColorSyncLegacy.framework/Versions/A/ColorSyncLegacy
0x00007fff36e36000 	/System/Library/Frameworks/ApplicationServices.framework/Versions/A/Frameworks/HIServices.framework/Versions/A/HIServices
0x00007fff36e89000 	/System/Library/Frameworks/ApplicationServices.framework/Versions/A/Frameworks/LangAnalysis.framework/Versions/A/LangAnalysis
0x00007fff36e98000 	/System/Library/Frameworks/ApplicationServices.framework/Versions/A/Frameworks/PrintCore.framework/Versions/A/PrintCore
0x00007fff36ee5000 	/System/Library/Frameworks/ApplicationServices.framework/Versions/A/Frameworks/QD.framework/Versions/A/QD
0x00007fff36f20000 	/System/Library/Frameworks/ApplicationServices.framework/Versions/A/Frameworks/SpeechSynthesis.framework/Versions/A/SpeechSynthesis
0x00007fff38470000 	/System/Library/Frameworks/CoreDisplay.framework/Versions/A/CoreDisplay
0x00007fff34ae5000 	/System/Library/Frameworks/Accelerate.framework/Versions/A/Frameworks/vImage.framework/Versions/A/vImage
0x00007fff3583f000 	/System/Library/Frameworks/Accelerate.framework/Versions/A/Frameworks/vecLib.framework/Versions/A/vecLib
0x00007fff355df000 	/System/Library/Frameworks/Accelerate.framework/Versions/A/Frameworks/vecLib.framework/Versions/A/libvDSP.dylib
0x00007fff3513f000 	/System/Library/Frameworks/Accelerate.framework/Versions/A/Frameworks/vecLib.framework/Versions/A/libBNNS.dylib
0x00007fff35544000 	/System/Library/Frameworks/Accelerate.framework/Versions/A/Frameworks/vecLib.framework/Versions/A/libQuadrature.dylib
0x00007fff3578d000 	/System/Library/Frameworks/Accelerate.framework/Versions/A/Frameworks/vecLib.framework/Versions/A/libvMisc.dylib
0x00007fff3516e000 	/System/Library/Frameworks/Accelerate.framework/Versions/A/Frameworks/vecLib.framework/Versions/A/libLAPACK.dylib
0x00007fff34fe4000 	/System/Library/Frameworks/Accelerate.framework/Versions/A/Frameworks/vecLib.framework/Versions/A/libBLAS.dylib
0x00007fff3552e000 	/System/Library/Frameworks/Accelerate.framework/Versions/A/Frameworks/vecLib.framework/Versions/A/libLinearAlgebra.dylib
0x00007fff3554a000 	/System/Library/Frameworks/Accelerate.framework/Versions/A/Frameworks/vecLib.framework/Versions/A/libSparse.dylib
0x00007fff355cb000 	/System/Library/Frameworks/Accelerate.framework/Versions/A/Frameworks/vecLib.framework/Versions/A/libSparseBLAS.dylib
0x00007fff5105f000 	/System/Library/PrivateFrameworks/GPUWrangler.framework/Versions/A/GPUWrangler
0x00007fff527f0000 	/System/Library/PrivateFrameworks/IOAccelerator.framework/Versions/A/IOAccelerator
0x00007fff527fb000 	/System/Library/PrivateFrameworks/IOPresentment.framework/Versions/A/IOPresentment
0x00007fff4c895000 	/System/Library/PrivateFrameworks/DSExternalDisplay.framework/Versions/A/DSExternalDisplay
0x00007fff41f5a000 	/System/Library/Frameworks/OpenGL.framework/Versions/A/Libraries/libCoreFSCache.dylib
0x00007fff3a1ae000 	/System/Library/Frameworks/CoreVideo.framework/Versions/A/CoreVideo
0x00007fff51dda000 	/System/Library/PrivateFrameworks/GraphVisualizer.framework/Versions/A/GraphVisualizer
0x00007fff3cf58000 	/System/Library/Frameworks/MetalPerformanceShaders.framework/Versions/A/MetalPerformanceShaders
0x00007fff5de06000 	/usr/lib/libFosl_dynamic.dylib
0x00007fff4d969000 	/System/Library/PrivateFrameworks/FaceCore.framework/Versions/A/FaceCore
0x00007fff40d55000 	/System/Library/Frameworks/OpenCL.framework/Versions/A/OpenCL
0x00007fff5e407000 	/usr/lib/libcompression.dylib
0x00007fff36ae3000 	/System/Library/Frameworks/ApplicationServices.framework/Versions/A/Frameworks/ATS.framework/Versions/A/Resources/libFontParser.dylib
0x00007fff36c06000 	/System/Library/Frameworks/ApplicationServices.framework/Versions/A/Frameworks/ATS.framework/Versions/A/Resources/libFontRegistry.dylib
0x00007fff3b0f5000 	/System/Library/Frameworks/ImageIO.framework/Versions/A/Resources/libJPEG.dylib
0x00007fff3b41e000 	/System/Library/Frameworks/ImageIO.framework/Versions/A/Resources/libTIFF.dylib
0x00007fff3b3f4000 	/System/Library/Frameworks/ImageIO.framework/Versions/A/Resources/libPng.dylib
0x00007fff3b008000 	/System/Library/Frameworks/ImageIO.framework/Versions/A/Resources/libGIF.dylib
0x00007fff3b00d000 	/System/Library/Frameworks/ImageIO.framework/Versions/A/Resources/libJP2.dylib
0x00007fff3b41b000 	/System/Library/Frameworks/ImageIO.framework/Versions/A/Resources/libRadiance.dylib
0x00007fff488f6000 	/System/Library/PrivateFrameworks/AppleJPEG.framework/Versions/A/AppleJPEG
0x00007fff3cdbf000 	/System/Library/Frameworks/MetalPerformanceShaders.framework/Frameworks/MPSCore.framework/Versions/A/MPSCore
0x00007fff3cddb000 	/System/Library/Frameworks/MetalPerformanceShaders.framework/Frameworks/MPSImage.framework/Versions/A/MPSImage
0x00007fff3ce70000 	/System/Library/Frameworks/MetalPerformanceShaders.framework/Frameworks/MPSNeuralNetwork.framework/Versions/A/MPSNeuralNetwork
0x00007fff3ce4b000 	/System/Library/Frameworks/MetalPerformanceShaders.framework/Frameworks/MPSMatrix.framework/Versions/A/MPSMatrix
0x00007fff53cf1000 	/System/Library/PrivateFrameworks/MetalTools.framework/Versions/A/MetalTools
0x00007fff42125000 	/System/Library/Frameworks/OpenGL.framework/Versions/A/Libraries/libGLU.dylib
0x00007fff41f65000 	/System/Library/Frameworks/OpenGL.framework/Versions/A/Libraries/libGFXShared.dylib
0x00007fff41f6f000 	/System/Library/Frameworks/OpenGL.framework/Versions/A/Libraries/libGL.dylib
0x00007fff41f7b000 	/System/Library/Frameworks/OpenGL.framework/Versions/A/Libraries/libGLImage.dylib
0x00007fff41f57000 	/System/Library/Frameworks/OpenGL.framework/Versions/A/Libraries/libCVMSPluginSupport.dylib
0x00007fff41f60000 	/System/Library/Frameworks/OpenGL.framework/Versions/A/Libraries/libCoreVMClient.dylib
0x00007fff5ebb4000 	/usr/lib/libcups.2.dylib
0x00007fff3c326000 	/System/Library/Frameworks/Kerberos.framework/Versions/A/Kerberos
0x00007fff3aaec000 	/System/Library/Frameworks/GSS.framework/Versions/A/GSS
0x00007fff5fcb8000 	/usr/lib/libresolv.9.dylib
0x00007fff5edb2000 	/usr/lib/libiconv.2.dylib
0x00007fff51e6c000 	/System/Library/PrivateFrameworks/Heimdal.framework/Versions/A/Heimdal
0x00007fff5ed81000 	/usr/lib/libheimdal-asn1.dylib
0x00007fff40dcd000 	/System/Library/Frameworks/OpenDirectory.framework/Versions/A/OpenDirectory
0x00007fff4ac0c000 	/System/Library/PrivateFrameworks/CommonAuth.framework/Versions/A/CommonAuth
0x00007fff40db0000 	/System/Library/Frameworks/OpenDirectory.framework/Versions/A/Frameworks/CFOpenDirectory.framework/Versions/A/CFOpenDirectory
0x00007fff446e7000 	/System/Library/Frameworks/SecurityFoundation.framework/Versions/A/SecurityFoundation
0x00007fff47abb000 	/System/Library/PrivateFrameworks/APFS.framework/Versions/A/APFS
0x00007fff600ed000 	/usr/lib/libutil.dylib
0x00007fff48979000 	/System/Library/PrivateFrameworks/AppleSauce.framework/Versions/A/AppleSauce
0x00007fff52fd8000 	/System/Library/PrivateFrameworks/LinguisticData.framework/Versions/A/LinguisticData
0x00007fff5f134000 	/usr/lib/libmarisa.dylib
0x00007fff52f92000 	/System/Library/PrivateFrameworks/Lexicon.framework/Versions/A/Lexicon
0x00007fff5dd31000 	/usr/lib/libChineseTokenizer.dylib
0x00007fff5e3f6000 	/usr/lib/libcmph.dylib
0x00007fff52e9c000 	/System/Library/PrivateFrameworks/LanguageModeling.framework/Versions/A/LanguageModeling
0x00007fff4b71b000 	/System/Library/PrivateFrameworks/CoreEmoji.framework/Versions/A/CoreEmoji
0x00007fff447a5000 	/System/Library/Frameworks/ServiceManagement.framework/Versions/A/ServiceManagement
0x00007fff491c3000 	/System/Library/PrivateFrameworks/BackgroundTaskManagement.framework/Versions/A/BackgroundTaskManagement
0x00007fff601ea000 	/usr/lib/libxslt.1.dylib
0x00007fff37ba4000 	/System/Library/Frameworks/Carbon.framework/Versions/A/Frameworks/Ink.framework/Versions/A/Ink
0x00007fff5c07b000 	/System/Library/PrivateFrameworks/TextureIO.framework/Versions/A/TextureIO
0x00007fff5e21b000 	/usr/lib/libate.dylib
0x00007fff4c7f5000 	/System/Library/PrivateFrameworks/CrashReporterSupport.framework/Versions/A/CrashReporterSupport
0x00007fff593cb000 	/System/Library/PrivateFrameworks/Sharing.framework/Versions/A/Sharing
0x00007fff52bdd000 	/System/Library/PrivateFrameworks/IconServices.framework/Versions/A/IconServices
0x00007fff48df3000 	/System/Library/PrivateFrameworks/AuthKit.framework/Versions/A/AuthKit
0x00007fff48779000 	/System/Library/PrivateFrameworks/Apple80211.framework/Versions/A/Apple80211
0x00007fff4c60a000 	/System/Library/PrivateFrameworks/CoreUtils.framework/Versions/A/CoreUtils
0x00007fff3a1e9000 	/System/Library/Frameworks/CoreWLAN.framework/Versions/A/CoreWLAN
0x00007fff3ac2e000 	/System/Library/Frameworks/IOBluetooth.framework/Versions/A/IOBluetooth
0x00007fff5788f000 	/System/Library/PrivateFrameworks/ProtocolBuffer.framework/Versions/A/ProtocolBuffer
0x00007fff53ee9000 	/System/Library/PrivateFrameworks/MobileKeyBag.framework/Versions/A/MobileKeyBag
0x00007fff4bebf000 	/System/Library/PrivateFrameworks/CorePhoneNumbers.framework/Versions/A/CorePhoneNumbers
0x00007fff488b1000 	/System/Library/PrivateFrameworks/AppleIDAuthSupport.framework/Versions/A/AppleIDAuthSupport
0x00007fff52e88000 	/System/Library/PrivateFrameworks/KeychainCircle.framework/Versions/A/KeychainCircle
0x00007fff4c790000 	/System/Library/PrivateFrameworks/CoreWiFi.framework/Versions/A/CoreWiFi
0x00007fff380ef000 	/System/Library/Frameworks/CoreBluetooth.framework/Versions/A/CoreBluetooth
0x00007fff4c9df000 	/System/Library/PrivateFrameworks/DebugSymbols.framework/Versions/A/DebugSymbols
0x00007fff4c3c0000 	/System/Library/PrivateFrameworks/CoreSymbolication.framework/Versions/A/CoreSymbolication
0x00007fff5b86c000 	/System/Library/PrivateFrameworks/Symbolication.framework/Versions/A/Symbolication
0x00007fff487a3000 	/System/Library/PrivateFrameworks/AppleFSCompression.framework/Versions/A/AppleFSCompression
0x00007fff5acb9000 	/System/Library/PrivateFrameworks/SpeechRecognitionCore.framework/Versions/A/SpeechRecognitionCore
0x0000000102800000 	/Library/Java/JavaVirtualMachines/jdk1.8.0_181.jdk/Contents/Home/jre/lib/server/libjvm.dylib
0x00007fff5ffba000 	/usr/lib/libstdc++.6.0.9.dylib
0x0000000101e3c000 	/Library/Java/JavaVirtualMachines/jdk1.8.0_181.jdk/Contents/Home/jre/lib/libverify.dylib
0x0000000101e4a000 	/Library/Java/JavaVirtualMachines/jdk1.8.0_181.jdk/Contents/Home/jre/lib/libjava.dylib
0x0000000101e81000 	/Library/Java/JavaVirtualMachines/jdk1.8.0_181.jdk/Contents/Home/jre/lib/libjdwp.dylib
0x0000000101ecc000 	/Library/Java/JavaVirtualMachines/jdk1.8.0_181.jdk/Contents/Home/jre/lib/libnpt.dylib
0x0000000101ed0000 	/Library/Java/JavaVirtualMachines/jdk1.8.0_181.jdk/Contents/Home/jre/lib/libinstrument.dylib
0x0000000101f6e000 	/Library/Java/JavaVirtualMachines/jdk1.8.0_181.jdk/Contents/Home/jre/lib/libzip.dylib
0x00000001060ac000 	/Library/Java/JavaVirtualMachines/jdk1.8.0_181.jdk/Contents/Home/jre/lib/libdt_socket.dylib

VM Arguments:
jvm_args: -agentlib:jdwp=transport=dt_socket,address=127.0.0.1:58001,suspend=y,server=n -ea -Didea.test.cyclic.buffer.size=1048576 -javaagent:/Users/gun/Library/Caches/IntelliJIdea2018.2/captureAgent/debugger-agent.jar=file:/private/var/folders/qs/s8k5l8t15kq0m3wdjxyw1x0c0000gp/T/capture.props -Dfile.encoding=UTF-8 
java_command: com.intellij.rt.execution.junit.JUnitStarter -ideVersion5 -junit4 NikitaAndTheGameTest,test
java_class_path (initial): /Applications/IntelliJ IDEA.app/Contents/lib/idea_rt.jar:/Applications/IntelliJ IDEA.app/Contents/plugins/junit/lib/junit-rt.jar:/Applications/IntelliJ IDEA.app/Contents/plugins/junit/lib/junit5-rt.jar:/Library/Java/JavaVirtualMachines/jdk1.8.0_181.jdk/Contents/Home/jre/lib/charsets.jar:/Library/Java/JavaVirtualMachines/jdk1.8.0_181.jdk/Contents/Home/jre/lib/deploy.jar:/Library/Java/JavaVirtualMachines/jdk1.8.0_181.jdk/Contents/Home/jre/lib/ext/cldrdata.jar:/Library/Java/JavaVirtualMachines/jdk1.8.0_181.jdk/Contents/Home/jre/lib/ext/dnsns.jar:/Library/Java/JavaVirtualMachines/jdk1.8.0_181.jdk/Contents/Home/jre/lib/ext/jaccess.jar:/Library/Java/JavaVirtualMachines/jdk1.8.0_181.jdk/Contents/Home/jre/lib/ext/jfxrt.jar:/Library/Java/JavaVirtualMachines/jdk1.8.0_181.jdk/Contents/Home/jre/lib/ext/localedata.jar:/Library/Java/JavaVirtualMachines/jdk1.8.0_181.jdk/Contents/Home/jre/lib/ext/nashorn.jar:/Library/Java/JavaVirtualMachines/jdk1.8.0_181.jdk/Contents/Home/jre/lib/ext/sunec.jar:/Library/Java/JavaVirtualMachines/jdk1.8.0_181.jdk/Contents/Home/jre/lib/ext/sunjce_provider.jar:/Library/Java/JavaVirtualMachines/jdk1.8.0_181.jdk/Contents/Home/jre/lib/ext/sunpkcs11.jar:/Library/Java/JavaVirtualMachines/jdk1.8.0_181.jdk/Contents/Home/jre/lib/ext/zipfs.jar:/Library/Java/JavaVirtualMachines/jdk1.8.0_181.jdk/Contents/Home/jre/lib/javaws.jar:/Library/Java/JavaVirtualMachines/jdk1.8.0_181.jdk/Contents/Home/jre/lib/jce.jar:/Library/Java/JavaVirtualMachines/jdk1.8.0_181.jdk/Contents/Home/jre/lib/jfr.jar:/Library/Java/JavaVirtualMachines/jdk1.8.0_181.jdk/Contents/Home/jre/lib/jfxswt.jar:/Library/Java/JavaVirtualMachines/jdk1.8.0_181.jdk/Contents/Home/jre/lib/jsse.jar:/Library/Java/JavaVirtualMachines/jdk1.8.0_181.jdk/Contents/Home/jre/lib/management-agent.jar:/Library/Java/JavaVirtualMachines/jdk1.8.0_181.jdk/Contents/Home/jre/lib/plugin.jar:/Library/Java/JavaVirtualMachines/jdk1.8.0_181.jdk/Contents/Home/jre/lib/resources.jar:/Library/Java/JavaVirtualM
Launcher Type: SUN_STANDARD

Environment Variables:
PATH=/Users/gun/google-cloud-sdk/bin:/usr/local/bin:/usr/bin:/bin:/usr/sbin:/sbin:/usr/local/sbin
SHELL=/bin/zsh

Signal Handlers:
SIGSEGV: [libjvm.dylib+0x5b6029], sa_mask[0]=11111111011111110111111111111111, sa_flags=SA_ONSTACK|SA_RESTART|SA_SIGINFO
SIGBUS: [libjvm.dylib+0x5b6029], sa_mask[0]=11111111011111110111111111111111, sa_flags=SA_RESTART|SA_SIGINFO
SIGFPE: [libjvm.dylib+0x48b934], sa_mask[0]=11111111011111110111111111111111, sa_flags=SA_RESTART|SA_SIGINFO
SIGPIPE: [libjvm.dylib+0x48b934], sa_mask[0]=11111111011111110111111111111111, sa_flags=SA_RESTART|SA_SIGINFO
SIGXFSZ: [libjvm.dylib+0x48b934], sa_mask[0]=11111111011111110111111111111111, sa_flags=SA_RESTART|SA_SIGINFO
SIGILL: [libjvm.dylib+0x48b934], sa_mask[0]=11111111011111110111111111111111, sa_flags=SA_RESTART|SA_SIGINFO
SIGUSR1: SIG_DFL, sa_mask[0]=00000000000000000000000000000000, sa_flags=none
SIGUSR2: [libjvm.dylib+0x48b452], sa_mask[0]=00100000000000000000000000000000, sa_flags=SA_RESTART|SA_SIGINFO
SIGHUP: [libjvm.dylib+0x489a1d], sa_mask[0]=11111111011111110111111111111111, sa_flags=SA_RESTART|SA_SIGINFO
SIGINT: [libjvm.dylib+0x489a1d], sa_mask[0]=11111111011111110111111111111111, sa_flags=SA_RESTART|SA_SIGINFO
SIGTERM: [libjvm.dylib+0x489a1d], sa_mask[0]=11111111011111110111111111111111, sa_flags=SA_RESTART|SA_SIGINFO
SIGQUIT: [libjvm.dylib+0x489a1d], sa_mask[0]=11111111011111110111111111111111, sa_flags=SA_RESTART|SA_SIGINFO


---------------  S Y S T E M  ---------------

OS:Bsduname:Darwin 17.7.0 Darwin Kernel Version 17.7.0: Thu Jun 21 22:53:14 PDT 2018; root:xnu-4570.71.2~1/RELEASE_X86_64 x86_64
rlimit: STACK 8192k, CORE 0k, NPROC 709, NOFILE 10240, AS infinity
load average:2.78 2.61 3.14

CPU:total 4 (initial active 4) (2 cores per cpu, 2 threads per core) family 6 model 142 stepping 9, cmov, cx8, fxsr, mmx, sse, sse2, sse3, ssse3, sse4.1, sse4.2, popcnt, avx, avx2, aes, clmul, erms, rtm, 3dnowpref, lzcnt, ht, tsc, tscinvbit, bmi1, bmi2, adx

Memory: 4k page, physical 8388608k(190960k free)

/proc/meminfo:


vm_info: Java HotSpot(TM) 64-Bit Server VM (25.181-b13) for bsd-amd64 JRE (1.8.0_181-b13), built on Jul  7 2018 01:02:31 by "java_re" with gcc 4.2.1 (Based on Apple Inc. build 5658) (LLVM build 2336.11.00)

time: Sun Feb 24 16:23:02 2019
elapsed time: 47 seconds (0d 0h 0m 47s)

